<?xml version="1.0" encoding="UTF-8"?>
<testng-results ignored="0" total="1" passed="1" failed="0" skipped="0">
  <reporter-output>
  </reporter-output>
  <suite started-at="2023-09-04T14:40:40 IST" name="Suite" finished-at="2023-09-04T14:40:51 IST" duration-ms="11544">
    <groups>
    </groups>
    <test started-at="2023-09-04T14:40:40 IST" name="Test" finished-at="2023-09-04T14:40:51 IST" duration-ms="11544">
      <class name="com.DrivenData.DataDrivenTest">
        <test-method is-config="true" signature="setup()[pri:0, instance:com.DrivenData.DataDrivenTest@4f83df68]" started-at="2023-09-04T14:40:40 IST" name="setup" finished-at="2023-09-04T14:40:43 IST" duration-ms="2986" status="PASS">
          <reporter-output>
          </reporter-output>
        </test-method> <!-- setup -->
        <test-method signature="LoginMethod(java.lang.String,java.lang.String,java.lang.String,java.lang.String,java.lang.String,java.lang.String)[pri:0, instance:com.DrivenData.DataDrivenTest@4f83df68]" started-at="2023-09-04T14:40:44 IST" name="LoginMethod" data-provider="AllDatagetter" finished-at="2023-09-04T14:40:50 IST" duration-ms="6507" status="PASS">
          <params>
            <param index="0">
              <value>
                <![CDATA[Moniga123@gmail.com]]>
              </value>
            </param>
            <param index="1">
              <value>
                <![CDATA[Moniga123]]>
              </value>
            </param>
            <param index="2">
              <value>
                <![CDATA[Moniga]]>
              </value>
            </param>
            <param index="3">
              <value>
                <![CDATA[Dhanabalan]]>
              </value>
            </param>
            <param index="4">
              <value>
                <![CDATA[Moniga@123]]>
              </value>
            </param>
            <param index="5">
              <value>
                <![CDATA[Moniga@123]]>
              </value>
            </param>
          </params>
          <reporter-output>
          </reporter-output>
        </test-method> <!-- LoginMethod -->
        <test-method is-config="true" signature="tearDown()[pri:0, instance:com.DrivenData.DataDrivenTest@4f83df68]" started-at="2023-09-04T14:40:50 IST" name="tearDown" finished-at="2023-09-04T14:40:51 IST" duration-ms="1010" status="PASS">
          <reporter-output>
          </reporter-output>
        </test-method> <!-- tearDown -->
      </class> <!-- com.DrivenData.DataDrivenTest -->
    </test> <!-- Test -->
  </suite> <!-- Suite -->
</testng-results>
