<?xml version="1.0" encoding="UTF-8"?>
<testng-results ignored="0" total="1" passed="1" failed="0" skipped="0">
  <reporter-output>
  </reporter-output>
  <suite started-at="2023-09-19T19:02:22 IST" name="Default suite" finished-at="2023-09-19T19:02:31 IST" duration-ms="9341">
    <groups>
    </groups>
    <test started-at="2023-09-19T19:02:22 IST" name="Default test" finished-at="2023-09-19T19:02:31 IST" duration-ms="9341">
      <class name="com.DrivenData.DataDrivenTest">
        <test-method is-config="true" signature="setup()[pri:0, instance:com.DrivenData.DataDrivenTest@47d9a273]" started-at="2023-09-19T19:02:22 IST" name="setup" finished-at="2023-09-19T19:02:24 IST" duration-ms="2119" status="PASS">
          <reporter-output>
          </reporter-output>
        </test-method> <!-- setup -->
        <test-method signature="LoginMethod(java.lang.String,java.lang.String,java.lang.String,java.lang.String,java.lang.String,java.lang.String)[pri:0, instance:com.DrivenData.DataDrivenTest@47d9a273]" started-at="2023-09-19T19:02:25 IST" name="LoginMethod" data-provider="AllDatagetter" finished-at="2023-09-19T19:02:31 IST" duration-ms="5949" status="PASS">
          <params>
            <param index="0">
              <value>
                <![CDATA[eswarraj@gmail.com]]>
              </value>
            </param>
            <param index="1">
              <value>
                <![CDATA[eswarsft1991]]>
              </value>
            </param>
            <param index="2">
              <value>
                <![CDATA[Eswar]]>
              </value>
            </param>
            <param index="3">
              <value>
                <![CDATA[Raj]]>
              </value>
            </param>
            <param index="4">
              <value>
                <![CDATA[Eswar@123]]>
              </value>
            </param>
            <param index="5">
              <value>
                <![CDATA[Eswar@123]]>
              </value>
            </param>
          </params>
          <reporter-output>
          </reporter-output>
        </test-method> <!-- LoginMethod -->
        <test-method is-config="true" signature="tearDown()[pri:0, instance:com.DrivenData.DataDrivenTest@47d9a273]" started-at="2023-09-19T19:02:31 IST" name="tearDown" finished-at="2023-09-19T19:02:31 IST" duration-ms="573" status="PASS">
          <reporter-output>
          </reporter-output>
        </test-method> <!-- tearDown -->
      </class> <!-- com.DrivenData.DataDrivenTest -->
    </test> <!-- Default test -->
  </suite> <!-- Default suite -->
</testng-results>
